2025-07-11 00:39:32,899 - INFO - User a logged out, Time: 2025-07-11 00:39:32, From: user_sets
2025-07-11 18:35:35,734 - INFO - User a logged out, Time: 2025-07-11 18:35:35, From: global_func
2025-07-11 18:52:27,343 - INFO - User a logged out, Time: 2025-07-11 18:52:27, From: global_func
2025-07-11 19:00:03,004 - WARNING - Empty fields for login attempt 1, Time: 2025-07-11 19:00:03
2025-07-11 19:00:05,376 - INFO - User a logged in at 2025-07-11 19:00:05
2025-07-11 19:00:07,919 - INFO - User a logged out, Time: 2025-07-11 19:00:07, From: global_func
2025-07-17 00:45:01,556 - INFO - User a logged in at 2025-07-17 00:45:01
2025-07-17 00:50:22,968 - WARNING - Empty fields for login attempt 1, Time: 2025-07-17 00:50:22
2025-07-17 00:50:27,136 - INFO - User a logged in at 2025-07-17 00:50:27
2025-07-17 00:56:44,214 - INFO - User a logged in at 2025-07-17 00:56:44
2025-07-17 01:04:06,596 - INFO - User a logged in at 2025-07-17 01:04:06
2025-07-21 23:23:14,676 - INFO - User a logged in at 2025-07-21 23:23:14
2025-07-21 23:23:18,226 - INFO - User a logged in at 2025-07-21 23:23:18
2025-07-21 23:27:40,126 - INFO - User a logged in at 2025-07-21 23:27:40
2025-07-21 23:29:10,655 - INFO - User a logged in at 2025-07-21 23:29:10
2025-07-21 23:52:17,369 - INFO - User a logged in at 2025-07-21 23:52:17
2025-07-21 23:53:51,542 - INFO - User a logged in at 2025-07-21 23:53:51
2025-07-21 23:57:38,115 - INFO - User a logged in at 2025-07-21 23:57:38
2025-07-22 00:10:36,134 - INFO - User a logged in at 2025-07-22 00:10:36
2025-07-22 00:18:09,298 - INFO - User a logged in at 2025-07-22 00:18:09
2025-07-22 00:18:10,434 - INFO - User a logged out, Time: 2025-07-22 00:18:10
2025-07-22 00:25:12,863 - INFO - User a logged in at 2025-07-22 00:25:12
2025-07-22 00:25:13,915 - INFO - User a logged out, Time: 2025-07-22 00:25:13
2025-07-22 02:21:14,746 - INFO - User a logged in at 2025-07-22 02:21:14
2025-07-22 02:27:05,473 - INFO - User a logged in at 2025-07-22 02:27:05
2025-07-22 02:28:30,745 - INFO - User a logged in at 2025-07-22 02:28:30
2025-07-22 02:29:33,166 - INFO - User a logged in at 2025-07-22 02:29:33
2025-07-22 02:31:13,592 - INFO - User a logged in at 2025-07-22 02:31:13
2025-07-22 02:31:41,249 - INFO - User a logged in at 2025-07-22 02:31:41
2025-07-22 02:36:35,568 - INFO - User a logged out, Time: 2025-07-22 02:36:35, From: user_sets
2025-07-22 12:01:33,388 - INFO - User a logged in at 2025-07-22 12:01:33
2025-07-23 02:40:28,078 - INFO - User a logged in at 2025-07-23 02:40:28
2025-07-23 02:44:19,520 - INFO - User a logged in at 2025-07-23 02:44:19
2025-07-23 02:48:58,547 - INFO - User a logged in at 2025-07-23 02:48:58
2025-07-23 02:52:00,261 - WARNING - Empty fields for login attempt 1, Time: 2025-07-23 02:52:00
2025-07-23 02:52:02,728 - INFO - User a logged in at 2025-07-23 02:52:02
2025-07-23 02:53:33,932 - INFO - User a logged in at 2025-07-23 02:53:33
2025-07-23 02:55:51,149 - INFO - User a logged in at 2025-07-23 02:55:51
2025-07-23 02:56:51,808 - INFO - User a logged in at 2025-07-23 02:56:51
2025-07-23 03:07:56,939 - INFO - User a logged in at 2025-07-23 03:07:56
2025-07-23 03:11:55,574 - INFO - User a logged in at 2025-07-23 03:11:55
2025-07-23 03:19:14,754 - INFO - User a logged in at 2025-07-23 03:19:14
2025-07-23 03:21:49,315 - INFO - User a logged in at 2025-07-23 03:21:49
2025-07-23 03:26:57,550 - INFO - User a logged in at 2025-07-23 03:26:57
2025-07-23 03:29:27,040 - INFO - User a logged in at 2025-07-23 03:29:27
2025-07-25 02:59:03,843 - INFO - User a logged in at 2025-07-25 02:59:03
2025-07-25 03:06:48,785 - INFO - User a logged in at 2025-07-25 03:06:48
2025-07-25 03:09:28,362 - INFO - User a logged in at 2025-07-25 03:09:28
2025-07-25 03:11:03,508 - INFO - User a logged in at 2025-07-25 03:11:03
2025-07-25 03:13:36,430 - INFO - User a logged in at 2025-07-25 03:13:36
2025-07-25 03:22:45,449 - INFO - User a logged in at 2025-07-25 03:22:45
2025-07-25 03:25:40,034 - INFO - User a logged in at 2025-07-25 03:25:40
2025-07-25 03:33:02,061 - INFO - User a logged in at 2025-07-25 03:33:02
2025-07-25 03:33:52,513 - INFO - User a logged in at 2025-07-25 03:33:52
2025-07-25 03:40:44,602 - INFO - User a logged in at 2025-07-25 03:40:44
2025-07-25 03:49:12,867 - INFO - User a logged in at 2025-07-25 03:49:12
2025-07-25 04:01:01,647 - INFO - User a logged in at 2025-07-25 04:01:01
2025-07-25 04:02:28,056 - INFO - User a logged in at 2025-07-25 04:02:28
2025-07-25 22:26:31,145 - INFO - User a logged in at 2025-07-25 22:26:31
2025-07-25 22:28:59,372 - INFO - User a logged in at 2025-07-25 22:28:59
2025-07-25 22:30:11,100 - INFO - User a logged in at 2025-07-25 22:30:11
2025-07-25 23:36:55,108 - INFO - User a logged in at 2025-07-25 23:36:55
2025-07-25 23:38:56,799 - INFO - User a logged in at 2025-07-25 23:38:56
2025-07-25 23:43:52,838 - INFO - User a logged in at 2025-07-25 23:43:52
2025-07-25 23:49:45,120 - INFO - User a logged in at 2025-07-25 23:49:45
2025-07-26 00:04:03,683 - INFO - User a logged in at 2025-07-26 00:04:03
2025-07-26 00:06:29,819 - INFO - User a logged in at 2025-07-26 00:06:29
2025-07-26 01:53:06,351 - INFO - User a logged in at 2025-07-26 01:53:06
2025-07-26 23:30:53,405 - INFO - User a logged in at 2025-07-26 23:30:53
2025-07-26 23:32:32,654 - INFO - User a logged in at 2025-07-26 23:32:32
2025-07-26 23:34:02,634 - INFO - User a logged in at 2025-07-26 23:34:02
2025-07-26 23:34:58,657 - INFO - User a logged in at 2025-07-26 23:34:58
2025-07-26 23:55:53,362 - INFO - User a logged in at 2025-07-26 23:55:53
2025-07-27 00:07:16,157 - INFO - User a logged in at 2025-07-27 00:07:16
2025-07-27 00:12:15,424 - INFO - User a logged in at 2025-07-27 00:12:15
2025-07-27 00:14:28,181 - INFO - User a logged in at 2025-07-27 00:14:28
2025-07-27 00:15:35,594 - INFO - User a logged in at 2025-07-27 00:15:35
2025-07-27 00:16:17,630 - INFO - User a logged in at 2025-07-27 00:16:17
2025-07-27 00:17:18,348 - INFO - User a logged in at 2025-07-27 00:17:18
2025-07-27 00:20:47,924 - INFO - User a logged in at 2025-07-27 00:20:47
2025-07-27 00:25:10,620 - INFO - User a logged in at 2025-07-27 00:25:10
2025-07-27 00:26:10,233 - INFO - User a logged in at 2025-07-27 00:26:10
2025-07-27 00:34:12,046 - INFO - User a logged in at 2025-07-27 00:34:12
2025-07-27 00:35:06,004 - INFO - User a logged in at 2025-07-27 00:35:05
2025-07-27 00:40:12,677 - INFO - User a logged in at 2025-07-27 00:40:12
2025-07-27 00:40:55,940 - INFO - User a logged in at 2025-07-27 00:40:55
2025-07-27 02:13:38,738 - INFO - User a logged in at 2025-07-27 02:13:38
2025-07-27 02:15:14,562 - INFO - User a logged in at 2025-07-27 02:15:14
2025-07-27 02:16:31,047 - INFO - User a logged in at 2025-07-27 02:16:31
2025-07-27 02:17:26,977 - INFO - User a logged in at 2025-07-27 02:17:26
2025-07-27 02:46:17,605 - INFO - User a logged in at 2025-07-27 02:46:17
2025-07-27 03:23:40,472 - INFO - User a logged in at 2025-07-27 03:23:40
2025-07-27 03:25:09,532 - INFO - User a logged in at 2025-07-27 03:25:09
2025-07-27 03:26:38,151 - INFO - User a logged in at 2025-07-27 03:26:38
2025-07-27 03:31:07,871 - INFO - User a logged in at 2025-07-27 03:31:07
2025-07-27 03:37:41,167 - INFO - User a logged in at 2025-07-27 03:37:41
2025-07-27 03:38:41,998 - INFO - User a logged in at 2025-07-27 03:38:41
2025-07-27 03:40:44,486 - INFO - User a logged in at 2025-07-27 03:40:44
2025-07-27 03:44:19,007 - INFO - User a logged in at 2025-07-27 03:44:18
2025-07-27 03:47:23,187 - INFO - User a logged in at 2025-07-27 03:47:23
2025-07-27 03:49:58,617 - INFO - User a logged in at 2025-07-27 03:49:58
2025-07-27 03:52:18,216 - INFO - User a logged in at 2025-07-27 03:52:18
2025-07-27 12:51:11,324 - INFO - User a logged in at 2025-07-27 12:51:11
2025-07-27 12:54:36,030 - INFO - User a logged in at 2025-07-27 12:54:36
2025-07-27 12:56:12,322 - INFO - User a logged in at 2025-07-27 12:56:12
2025-07-27 12:56:46,809 - INFO - User a logged in at 2025-07-27 12:56:46
2025-07-27 12:58:13,923 - INFO - User a logged in at 2025-07-27 12:58:13
2025-07-28 02:50:35,279 - INFO - User a logged in at 2025-07-28 02:50:35
2025-07-28 05:32:12,349 - INFO - User a logged in at 2025-07-28 05:32:12
2025-07-28 05:37:35,869 - INFO - User a logged in at 2025-07-28 05:37:35
2025-07-28 05:39:15,468 - INFO - User a logged in at 2025-07-28 05:39:15
2025-07-28 05:48:36,661 - INFO - User a logged in at 2025-07-28 05:48:36
2025-07-28 05:59:26,495 - INFO - User a logged in at 2025-07-28 05:59:26
2025-07-28 06:40:05,141 - INFO - User a logged in at 2025-07-28 06:40:05
2025-07-28 06:44:16,202 - INFO - User a logged in at 2025-07-28 06:44:16
2025-07-28 23:07:36,499 - INFO - User a logged in at 2025-07-28 23:07:36
2025-07-28 23:11:19,189 - INFO - User a logged in at 2025-07-28 23:11:19
2025-07-28 23:12:16,454 - INFO - User a logged in at 2025-07-28 23:12:16
2025-07-28 23:22:19,812 - INFO - User a logged in at 2025-07-28 23:22:19
2025-07-28 23:28:08,427 - INFO - User a logged in at 2025-07-28 23:28:08
2025-07-28 23:29:52,496 - INFO - User a logged in at 2025-07-28 23:29:52
2025-07-28 23:37:29,651 - INFO - User a logged in at 2025-07-28 23:37:29
2025-07-28 23:47:53,570 - INFO - User a logged in at 2025-07-28 23:47:53
2025-07-28 23:52:33,132 - INFO - User a logged in at 2025-07-28 23:52:33
2025-07-28 23:55:27,563 - INFO - User a logged in at 2025-07-28 23:55:27
2025-07-29 00:13:51,674 - INFO - User a logged in at 2025-07-29 00:13:51
2025-07-29 00:17:47,880 - INFO - User a logged in at 2025-07-29 00:17:47
2025-07-29 00:30:38,401 - INFO - User a logged in at 2025-07-29 00:30:38
2025-07-29 00:33:54,530 - INFO - User a logged in at 2025-07-29 00:33:54
2025-07-29 00:36:48,141 - INFO - User a logged in at 2025-07-29 00:36:48
2025-07-29 00:37:19,450 - INFO - User a logged in at 2025-07-29 00:37:19
2025-07-29 00:38:21,124 - INFO - User a logged in at 2025-07-29 00:38:21
2025-07-29 00:39:15,181 - INFO - User a logged in at 2025-07-29 00:39:15
2025-07-29 00:42:16,041 - INFO - User a logged in at 2025-07-29 00:42:16
2025-07-29 00:43:09,025 - INFO - User a logged in at 2025-07-29 00:43:09
2025-07-29 00:46:43,728 - INFO - User a logged in at 2025-07-29 00:46:43
2025-07-29 00:48:39,971 - INFO - User a logged in at 2025-07-29 00:48:39
2025-07-29 00:59:01,261 - INFO - User a logged in at 2025-07-29 00:59:01
2025-07-29 01:00:26,281 - INFO - User a logged in at 2025-07-29 01:00:26
2025-07-29 01:05:16,971 - INFO - User a logged in at 2025-07-29 01:05:16
2025-07-29 01:07:48,151 - INFO - User a logged in at 2025-07-29 01:07:48
2025-07-29 01:11:32,001 - INFO - User a logged in at 2025-07-29 01:11:31
2025-07-29 01:12:44,891 - INFO - User a logged in at 2025-07-29 01:12:44
2025-07-29 01:17:19,239 - INFO - User a logged in at 2025-07-29 01:17:19
2025-07-29 01:29:04,273 - INFO - User a logged in at 2025-07-29 01:29:04
2025-07-29 01:31:20,324 - INFO - User a logged in at 2025-07-29 01:31:20
2025-07-29 01:58:03,194 - INFO - User a logged in at 2025-07-29 01:58:03
2025-07-29 01:59:17,301 - INFO - User a logged in at 2025-07-29 01:59:17
2025-07-29 02:00:26,113 - INFO - User a logged in at 2025-07-29 02:00:26
2025-07-29 02:01:32,063 - INFO - User a logged in at 2025-07-29 02:01:32
2025-07-29 02:03:47,299 - INFO - User a logged in at 2025-07-29 02:03:47
2025-07-29 02:06:49,909 - INFO - User a logged in at 2025-07-29 02:06:49
2025-07-29 02:07:56,121 - INFO - User a logged in at 2025-07-29 02:07:56
2025-07-29 23:56:12,078 - INFO - User a logged in at 2025-07-29 23:56:12
2025-07-29 23:59:29,539 - WARNING - Empty fields for login attempt 1, Time: 2025-07-29 23:59:29
2025-07-29 23:59:31,005 - INFO - User a logged in at 2025-07-29 23:59:30
2025-07-30 00:07:40,307 - INFO - User a logged in at 2025-07-30 00:07:40
2025-07-30 00:11:52,317 - INFO - User a logged in at 2025-07-30 00:11:52
2025-07-30 00:53:21,081 - INFO - User a logged in at 2025-07-30 00:53:21
2025-07-30 00:54:11,636 - INFO - User a logged in at 2025-07-30 00:54:11
2025-07-30 00:55:35,769 - INFO - User a logged in at 2025-07-30 00:55:35
2025-07-30 01:02:53,870 - INFO - User a logged in at 2025-07-30 01:02:53
2025-07-30 01:06:17,973 - INFO - User a logged in at 2025-07-30 01:06:17
2025-07-30 01:08:41,613 - INFO - User a logged in at 2025-07-30 01:08:41
2025-07-30 01:10:46,060 - INFO - User a logged in at 2025-07-30 01:10:46
2025-07-30 01:11:53,090 - INFO - User a logged in at 2025-07-30 01:11:53
2025-07-30 01:31:34,642 - INFO - User a logged in at 2025-07-30 01:31:34
2025-07-30 01:37:11,448 - INFO - User a logged in at 2025-07-30 01:37:11
2025-07-30 01:38:18,169 - INFO - User a logged in at 2025-07-30 01:38:18
2025-07-30 01:42:02,517 - INFO - User a logged in at 2025-07-30 01:42:02
2025-07-30 02:10:37,587 - INFO - User a logged in at 2025-07-30 02:10:37
2025-07-30 02:12:01,763 - INFO - User a logged in at 2025-07-30 02:12:01
2025-07-30 02:13:17,673 - INFO - User a logged in at 2025-07-30 02:13:17
2025-07-30 02:15:40,053 - INFO - User a logged in at 2025-07-30 02:15:40
2025-07-30 02:18:21,525 - INFO - User a logged in at 2025-07-30 02:18:21
2025-07-30 02:25:37,209 - INFO - User a logged in at 2025-07-30 02:25:37
2025-07-30 02:31:13,830 - INFO - User a logged in at 2025-07-30 02:31:13
2025-07-30 02:34:30,740 - INFO - User a logged in at 2025-07-30 02:34:30
2025-07-30 21:35:41,445 - INFO - User a logged in at 2025-07-30 21:35:41
2025-07-30 21:41:50,957 - INFO - User a logged in at 2025-07-30 21:41:50
2025-07-30 21:44:24,851 - INFO - User a logged in at 2025-07-30 21:44:24
2025-07-30 21:46:03,701 - INFO - User a logged in at 2025-07-30 21:46:03
2025-07-30 21:56:25,974 - INFO - User a logged in at 2025-07-30 21:56:25
2025-07-30 22:06:12,044 - INFO - User a logged in at 2025-07-30 22:06:12
2025-07-30 22:08:40,984 - INFO - User a logged in at 2025-07-30 22:08:40
